Added Component: Designator=C9(C0603)
Added Component: Designator=C10(C0603)
Added Component: Designator=C11(C0603)
Added Component: Designator=C12(C0603)
Added Component: Designator=C13(C0603)
Added Component: Designator=C14(C0603)
Add Component: Footprint Not Found 0603
Added Component: Designator=C16(C0603)
Added Component: Designator=C17(C0603)
Added Component: Designator=C18(C0603)
Added Component: Designator=C19(C0603)
Added Component: Designator=C20(C0603)
Added Component: Designator=C21(C0603)
Added Component: Designator=C22(C0603)
Added Component: Designator=C23(C0603)
Added Component: Designator=C24(C0603)
Added Component: Designator=C25(C0603)
Added Component: Designator=C26(C0603)
Added Component: Designator=C27(C0603)
Added Component: Designator=C28(C0603)
Added Component: Designator=C29(C0603)
Added Component: Designator=C30(C0603)
Added Component: Designator=C31(C0603)
Added Component: Designator=C32(C0603)
Added Component: Designator=C33(C0603)
Added Component: Designator=C34(C0603)
Added Component: Designator=C35(C0603)
Added Component: Designator=C36(C0603)
Added Component: Designator=C37(C0603)
Added Component: Designator=C38(C0603)
Added Component: Designator=C39(C0603)
Added Component: Designator=C40(C0603)
Add Component: Footprint Not Found 0402
Add Component: Footprint Not Found 0402
Added Component: Designator=J102(IDC-TH_14P-P2.54-V-R2-C7-S2.54)
Add component (AddParameter): Name = "AddInBom"; Value = "yes"; VariantName = "[No Variations]"
Add component (AddParameter): Name = "Connector Type"; Value = "ĽňĹŁ×ů"; VariantName = "[No Variations]"
Add component (AddParameter): Name = "Contact Material"; Value = "»ĆÍ­"; VariantName = "[No Variations]"
Add component (AddParameter): Name = "Contact Plating"; Value = "˝đ"; VariantName = "[No Variations]"
Add component (AddParameter): Name = "ConvertToPcb"; Value = "yes"; VariantName = "[No Variations]"
Add component (AddParameter): Name = "Datasheet"; Value = "https://item.szlcsc.com/datasheet/2.54-2*7P%25E7%25AE%2580%25E7%2589%259B/11764.html"; VariantName = "[No Variations]"
Add component (AddParameter): Name = "FootprintName"; Value = "IDC-TH_14P-P2.54-V-R2-C7-S2.54"; VariantName = "[No Variations]"
Add component (AddParameter): Name = "Holder Type"; Value = "Ö±˛ĺ"; VariantName = "[No Variations]"
Add component (AddParameter): Name = "JLCPCB Part Class"; Value = "Extended Part"; VariantName = "[No Variations]"
Add component (AddParameter): Name = "LCSC Part Name"; Value = "2.54mm 2x7P ĹĹĘý:2 ĂżĹĹPĘý:7"; VariantName = "[No Variations]"
Add component (AddParameter): Name = "Manufacturer"; Value = "BOOMELE(˛©ÄÂľ«ĂÜ)"; VariantName = "[No Variations]"
Add component (AddParameter): Name = "ManufacturerPart"; Value = "2.54-2*7PĽňĹŁ"; VariantName = "[No Variations]"
Add component (AddParameter): Name = "ModelId"; Value = "1e191473481d43b08e40c7df32061c8c"; VariantName = "[No Variations]"
Add component (AddParameter): Name = "ModelName"; Value = "IDC-TH_14P-P2.54-V-R2-C7-S2.54"; VariantName = "[No Variations]"
Add component (AddParameter): Name = "ModelTransform"; Value = "999.998,348.41478,0,0,0,0,0,3.937,-118.11"; VariantName = "[No Variations]"
Add component (AddParameter): Name = "Number of PINs Per Row"; Value = "7"; VariantName = "[No Variations]"
Add component (AddParameter): Name = "Number of Positions or Pins"; Value = "2x7P"; VariantName = "[No Variations]"
Add component (AddParameter): Name = "Number of Rows"; Value = "2"; VariantName = "[No Variations]"
Add component (AddParameter): Name = "Pitch"; Value = "2.54mm"; VariantName = "[No Variations]"
Add component (AddParameter): Name = "Row Spacing"; Value = "2.54mm"; VariantName = "[No Variations]"
Add component (AddParameter): Name = "Supplier"; Value = "LCSC"; VariantName = "[No Variations]"
Add component (AddParameter): Name = "Supplier Footprint"; Value = "˛ĺĽţ,P=2.54mm"; VariantName = "[No Variations]"
Add component (AddParameter): Name = "SupplierPart"; Value = "C11215"; VariantName = "[No Variations]"
Add component (AddParameter): Name = "Symbol"; Value = "HDR-IDC-2.54-2X7P"; VariantName = "[No Variations]"
Added Component: Designator=L2(L0805)
Add component (AddParameter): Name = "Alternate Manufacturer"; Value = ""; VariantName = "[No Variations]"
Add component (AddParameter): Name = "Alternate PartNumber"; Value = ""; VariantName = "[No Variations]"
Add component (AddParameter): Name = "ComponentLink1Description"; Value = "Datasheet link"; VariantName = "[No Variations]"
Add component (AddParameter): Name = "ComponentLink1URL"; Value = "http://katalog.we-online.de/pbs/datasheet/742792063.pdf"; VariantName = "[No Variations]"
Add component (AddParameter): Name = "CompType"; Value = "Ferrite Bead"; VariantName = "[No Variations]"
Add component (AddParameter): Name = "DCR_ohm"; Value = "0.025"; VariantName = "[No Variations]"
Add component (AddParameter): Name = "Imax_A"; Value = "3A"; VariantName = "[No Variations]"
Add component (AddParameter): Name = "LatestRevisionDate"; Value = "2017-03-09"; VariantName = "[No Variations]"
Add component (AddParameter): Name = "Manufacturer"; Value = "Wurth Elektronik"; VariantName = "[No Variations]"
Add component (AddParameter): Name = "MountType"; Value = "SMT"; VariantName = "[No Variations]"
Add component (AddParameter): Name = "PackageReference"; Value = "0805"; VariantName = "[No Variations]"
Add component (AddParameter): Name = "PartNumber"; Value = "742792063"; VariantName = "[No Variations]"
Add component (AddParameter): Name = "Published"; Value = "2014-04-30"; VariantName = "[No Variations]"
Add component (AddParameter): Name = "Publisher"; Value = "Texas Instruments"; VariantName = "[No Variations]"
Add component (AddParameter): Name = "RoHS"; Value = "Y"; VariantName = "[No Variations]"
Add component (AddParameter): Name = "SizeArea_mm2"; Value = "2.5"; VariantName = "[No Variations]"
Add component (AddParameter): Name = "SizeAreaWB_mm2"; Value = "6.75"; VariantName = "[No Variations]"
Add component (AddParameter): Name = "SizeX_mm"; Value = "2"; VariantName = "[No Variations]"
Add component (AddParameter): Name = "SizeY_mm"; Value = "1.25"; VariantName = "[No Variations]"
Add component (AddParameter): Name = "SizeZ_mm"; Value = "1.45"; VariantName = "[No Variations]"
Add component (AddParameter): Name = "Supplier 1"; Value = "Digi-Key"; VariantName = "[No Variations]"
Add component (AddParameter): Name = "Supplier 2"; Value = "Mouser"; VariantName = "[No Variations]"
Add component (AddParameter): Name = "Supplier 3"; Value = ""; VariantName = "[No Variations]"
Add component (AddParameter): Name = "Supplier Part Number 1"; Value = "732-1612-1-ND"; VariantName = "[No Variations]"
Add component (AddParameter): Name = "Supplier Part Number 2"; Value = "710-742792063"; VariantName = "[No Variations]"
Add component (AddParameter): Name = "Supplier Part Number 3"; Value = ""; VariantName = "[No Variations]"
Add component (AddParameter): Name = "Value"; Value = "60 ohm"; VariantName = "[No Variations]"
Add component (AddParameter): Name = "Value1"; Value = "0.025 ohm"; VariantName = "[No Variations]"
Add component (AddParameter): Name = "Value2"; Value = "3A"; VariantName = "[No Variations]"
Add component (AddParameter): Name = "ValueDisplayed"; Value = "60 ohm"; VariantName = "[No Variations]"
Add component (AddParameter): Name = "Ztyp@1GHz_Ohm"; Value = "95.384"; VariantName = "[No Variations]"
Add component (AddParameter): Name = "ZTyp@100MHz_Ohm"; Value = "60"; VariantName = "[No Variations]"
Add Component: Footprint Not Found L0805
Added Component: Designator=R10(R0603)
Added Component: Designator=R11(R0603)
Added Component: Designator=R12(R0603)
Added Component: Designator=R13(R0603)
Added Component: Designator=R14(R0603)
Added Component: Designator=R15(R0603)
Added Component: Designator=R16(R0603)
Added Component: Designator=R17(R0603)
Added Component: Designator=R18(R0603)
Added Component: Designator=R19(R0603)
Added Component: Designator=R20(R0603)
Added Component: Designator=R21(R0603)
Added Component: Designator=R22(R0603)
Added Component: Designator=R23(R0603)
Added Component: Designator=R24(R0603)
Added Component: Designator=R25(R0603)
Added Component: Designator=R26(R0603)
Added Component: Designator=R27(R0603)
Add Component: Footprint Not Found 0603
Add Component: Footprint Not Found 0603
Added Component: Designator=R58(R0603)
Added Component: Designator=R59(R0603)
Added Component: Designator=R60(R0603)
Added Component: Designator=R61(R0603)
Added Component: Designator=R62(R0603)
Added Component: Designator=S1(SW-SMD_4P-L6.0-W6.0-P4.50-LS9.0_H5.0)
Add component (AddParameter): Name = "Actuator Style"; Value = "Ô˛ĐÎ°´ĹĄ"; VariantName = "[No Variations]"
Add component (AddParameter): Name = "Actuator/Cap Color"; Value = "şÚÉ«"; VariantName = "[No Variations]"
Add component (AddParameter): Name = "AddInBom"; Value = "yes"; VariantName = "[No Variations]"
Add component (AddParameter): Name = "Circuit"; Value = "µĄµ¶µĄÖŔ"; VariantName = "[No Variations]"
Add component (AddParameter): Name = "Contact Current"; Value = "50mA"; VariantName = "[No Variations]"
Add component (AddParameter): Name = "ConvertToPcb"; Value = "yes"; VariantName = "[No Variations]"
Add component (AddParameter): Name = "Datasheet"; Value = "https://item.szlcsc.com/datasheet/KH-6X6X5H-STM/3009601.html"; VariantName = "[No Variations]"
Add component (AddParameter): Name = "FootprintName"; Value = "SW-SMD_4P-L6.0-W6.0-P4.50-LS9.0_H5.0"; VariantName = "[No Variations]"
Add component (AddParameter): Name = "JLCPCB Part Class"; Value = "Extended Part"; VariantName = "[No Variations]"
Add component (AddParameter): Name = "LCSC Part Name"; Value = "6*6*5mm Á˘Ěů Çá´ĄżŞąŘ"; VariantName = "[No Variations]"
Add component (AddParameter): Name = "Length"; Value = "6mm"; VariantName = "[No Variations]"
Add component (AddParameter): Name = "Life"; Value = "8Íň´Î"; VariantName = "[No Variations]"
Add component (AddParameter): Name = "Manufacturer"; Value = "kinghelm(˝đş˝±ę)"; VariantName = "[No Variations]"
Add component (AddParameter): Name = "ManufacturerPart"; Value = "KH-6X6X5H-STM"; VariantName = "[No Variations]"
Add component (AddParameter): Name = "ModelId"; Value = "46371efb35684031937580a0045530ec"; VariantName = "[No Variations]"
Add component (AddParameter): Name = "ModelName"; Value = "SW-SMD_4P-L6.0-W6.0-P4.50-LS9.0_H5.0"; VariantName = "[No Variations]"
Add component (AddParameter): Name = "ModelTransform"; Value = "354.33,236.25937,0,0,0,0,0,0,0"; VariantName = "[No Variations]"
Add component (AddParameter): Name = "Mounting Type"; Value = "Á˘Ěů"; VariantName = "[No Variations]"
Add component (AddParameter): Name = "Supplier"; Value = "LCSC"; VariantName = "[No Variations]"
Add component (AddParameter): Name = "Supplier Footprint"; Value = "SMD-4P,6x6mm"; VariantName = "[No Variations]"
Add component (AddParameter): Name = "SupplierPart"; Value = "C2837531"; VariantName = "[No Variations]"
Add component (AddParameter): Name = "Switch Height"; Value = "5mm"; VariantName = "[No Variations]"
Add component (AddParameter): Name = "Symbol"; Value = "KH-6X6X5H-STM"; VariantName = "[No Variations]"
Add component (AddParameter): Name = "Termination Style"; Value = "Ĺ¸ŇíĐÍ"; VariantName = "[No Variations]"
Add component (AddParameter): Name = "Voltage Rating"; Value = "12V"; VariantName = "[No Variations]"
Add component (AddParameter): Name = "Width"; Value = "6mm"; VariantName = "[No Variations]"
Add component (AddParameter): Name = "with Bracket"; Value = "˛»´řÖ§ĽÜ"; VariantName = "[No Variations]"
Added Component: Designator=U1(PN0080A-MFG)
Add component (AddParameter): Name = "AEC Category"; Value = "Q200"; VariantName = "[No Variations]"
Add component (AddParameter): Name = "AEC Qualified"; Value = "No"; VariantName = "[No Variations]"
Add component (AddParameter): Name = "Alternate Manufacturer"; Value = ""; VariantName = "[No Variations]"
Add component (AddParameter): Name = "Alternate PartNumber"; Value = ""; VariantName = "[No Variations]"
Add component (AddParameter): Name = "ComponentLink1Description"; Value = "Datasheet Link"; VariantName = "[No Variations]"
Add component (AddParameter): Name = "ComponentLink1URL"; Value = "http://www.ti.com/lit/ds/symlink/GPN.pdf"; VariantName = "[No Variations]"
Add component (AddParameter): Name = "ComponentLink2Description"; Value = "Product Folder"; VariantName = "[No Variations]"
Add component (AddParameter): Name = "ComponentLink2URL"; Value = "http://www.ti.com/product/GPN"; VariantName = "[No Variations]"
Add component (AddParameter): Name = "ComponentLink3Description"; Value = "Online Datasheet"; VariantName = "[No Variations]"
Add component (AddParameter): Name = "ComponentLink3URL"; Value = "http://www.ti.com/product/GPN/datasheet"; VariantName = "[No Variations]"
Add component (AddParameter): Name = "CompType"; Value = "IC"; VariantName = "[No Variations]"
Add component (AddParameter): Name = "Core Architecture"; Value = "TMS320C28x"; VariantName = "[No Variations]"
Add component (AddParameter): Name = "Data Bus Width"; Value = "32bits"; VariantName = "[No Variations]"
Add component (AddParameter): Name = "Datasheet Path"; Value = "datasheets/IC-TMS320F280025CPNSR.pdf"; VariantName = "[No Variations]"
Add component (AddParameter): Name = "Frequency_Fixed"; Value = "100MHz"; VariantName = "[No Variations]"
Add component (AddParameter): Name = "Green_EU RoHS"; Value = ""; VariantName = "[No Variations]"
Add component (AddParameter): Name = "Green_EU RoHS-2"; Value = ""; VariantName = "[No Variations]"
Add component (AddParameter): Name = "Green_Lifecycle"; Value = ""; VariantName = "[No Variations]"
Add component (AddParameter): Name = "Green_REACh"; Value = ""; VariantName = "[No Variations]"
Add component (AddParameter): Name = "helpURL"; Value = "https://upverter.com/upn/revision/e6f10be0003e77e0/"; VariantName = "[No Variations]"
Add component (AddParameter): Name = "Interface"; Value = "I2C,SPI,UART,CAN,LIN,SCI,Other"; VariantName = "[No Variations]"
Add component (AddParameter): Name = "Manufacturer"; Value = "Texas Instruments"; VariantName = "[No Variations]"
Add component (AddParameter): Name = "Max Supply Voltage"; Value = "3.63V"; VariantName = "[No Variations]"
Add component (AddParameter): Name = "Memory Size"; Value = "128KBytes"; VariantName = "[No Variations]"
Add component (AddParameter): Name = "Memory Type"; Value = "FLASH"; VariantName = "[No Variations]"
Add component (AddParameter): Name = "Min Supply Voltage"; Value = "2.8V"; VariantName = "[No Variations]"
Add component (AddParameter): Name = "MountType"; Value = ""; VariantName = "[No Variations]"
Add component (AddParameter): Name = "Number Of A/D Converters"; Value = "2"; VariantName = "[No Variations]"
Add component (AddParameter): Name = "Number Of Adc Channels"; Value = "16"; VariantName = "[No Variations]"
Add component (AddParameter): Name = "Number Of Cores"; Value = "1"; VariantName = "[No Variations]"
Add component (AddParameter): Name = "Number Of I2C Channels"; Value = "2"; VariantName = "[No Variations]"
Add component (AddParameter): Name = "Number Of I/Os"; Value = "43"; VariantName = "[No Variations]"
Add component (AddParameter): Name = "Number Of Pwm Channels"; Value = "14"; VariantName = "[No Variations]"
Add component (AddParameter): Name = "Number Of Spi Channels"; Value = "2"; VariantName = "[No Variations]"
Add component (AddParameter): Name = "Number Of Timers/Counters"; Value = "3"; VariantName = "[No Variations]"
Add component (AddParameter): Name = "Number Of Uart Channels"; Value = "1"; VariantName = "[No Variations]"
Add component (AddParameter): Name = "Operating Temperature Range"; Value = "-40ˇăC to +125ˇăC"; VariantName = "[No Variations]"
Add component (AddParameter): Name = "PackageDescription"; Value = ""; VariantName = "[No Variations]"
Add component (AddParameter): Name = "PackageReference"; Value = "LQFP80"; VariantName = "[No Variations]"
Add component (AddParameter): Name = "Part Number"; Value = "TMS320F280025CPNSR"; VariantName = "[No Variations]"
Add component (AddParameter): Name = "PartId"; Value = "1"; VariantName = "[No Variations]"
Add component (AddParameter): Name = "PartNumber"; Value = "TMS320F280025CPNSR"; VariantName = "[No Variations]"
Add component (AddParameter): Name = "Ram Size"; Value = "24KBytes"; VariantName = "[No Variations]"
Add component (AddParameter): Name = "Rating"; Value = ""; VariantName = "[No Variations]"
Add component (AddParameter): Name = "RoHS"; Value = "UNKNOWN"; VariantName = "[No Variations]"
Add component (AddParameter): Name = "SizeArea_mm2"; Value = ""; VariantName = "[No Variations]"
Add component (AddParameter): Name = "SizeAreaWB_mm2"; Value = ""; VariantName = "[No Variations]"
Add component (AddParameter): Name = "SizeX_mm"; Value = ""; VariantName = "[No Variations]"
Add component (AddParameter): Name = "SizeY_mm"; Value = ""; VariantName = "[No Variations]"
Add component (AddParameter): Name = "SizeZ_mm"; Value = "1.6mm"; VariantName = "[No Variations]"
Add component (AddParameter): Name = "Standoff Height"; Value = "0.05mm"; VariantName = "[No Variations]"
Add component (AddParameter): Name = "TaMax_C"; Value = "+125ˇăC"; VariantName = "[No Variations]"
Add component (AddParameter): Name = "TaMin_C"; Value = "-40ˇăC"; VariantName = "[No Variations]"
Add component (AddParameter): Name = "TJmax_C"; Value = "+125ˇăC"; VariantName = "[No Variations]"
Added Component: Designator=Y2(CRYSTAL-SMD_4P-L3.2-W2.5-BL-2)
Add component (AddParameter): Name = "AEC Qualified"; Value = "No"; VariantName = "[No Variations]"
Add component (AddParameter): Name = "ComponentLink1Description"; Value = "Datasheet"; VariantName = "[No Variations]"
Add component (AddParameter): Name = "ComponentLink1URL"; Value = "https://ecsxtal.com/store/pdf/ecx_53b.pdf"; VariantName = "[No Variations]"
Add component (AddParameter): Name = "datasheet"; Value = "https://ecsxtal.com/store/pdf/ecx_53b.pdf"; VariantName = "[No Variations]"
Add component (AddParameter): Name = "Datasheet Path"; Value = "datasheets/Crys-ECS-200-8-30B-CKM.pdf"; VariantName = "[No Variations]"
Add component (AddParameter): Name = "Digikey Description"; Value = "CRYSTAL 20.0000MHZ 8PF SMD"; VariantName = "[No Variations]"
Add component (AddParameter): Name = "Digikey Part Number"; Value = "XC1841CT-ND"; VariantName = "[No Variations]"
Add component (AddParameter): Name = "Esr"; Value = "40"; VariantName = "[No Variations]"
Add component (AddParameter): Name = "Frequency Stability"; Value = "10ppm"; VariantName = "[No Variations]"
Add component (AddParameter): Name = "Frequency Tolerance"; Value = "10ppm"; VariantName = "[No Variations]"
Add component (AddParameter): Name = "Frequency_Fixed"; Value = "20MHz"; VariantName = "[No Variations]"
Add component (AddParameter): Name = "helpURL"; Value = "https://upverter.com/upn/revision/b9ae4a09c701963d/"; VariantName = "[No Variations]"
Add component (AddParameter): Name = "Lead Free"; Value = "Yes"; VariantName = "[No Variations]"
Add component (AddParameter): Name = "Load Capacitance"; Value = "8pF"; VariantName = "[No Variations]"
Add component (AddParameter): Name = "Manufacturer"; Value = "ECS International"; VariantName = "[No Variations]"
Add component (AddParameter): Name = "Mouser Description"; Value = "Crystals 20.000MHZ 8pF 10ppm -20C +70C"; VariantName = "[No Variations]"
Add component (AddParameter): Name = "Mouser Part Number"; Value = "520-200-8-30B-CKM"; VariantName = "[No Variations]"
Add component (AddParameter): Name = "Operating Temperature Range"; Value = "-20ˇăC to +70ˇăC"; VariantName = "[No Variations]"
Add component (AddParameter): Name = "PackageReference"; Value = "SMD4"; VariantName = "[No Variations]"
Add component (AddParameter): Name = "Part Number"; Value = "ECS-200-8-30B-CKM"; VariantName = "[No Variations]"
Add component (AddParameter): Name = "PartNumber"; Value = "ECS-200-8-30B-CKM"; VariantName = "[No Variations]"
Add component (AddParameter): Name = "RoHS"; Value = "TRUE"; VariantName = "[No Variations]"
Add component (AddParameter): Name = "Series"; Value = "ECX-53B"; VariantName = "[No Variations]"
Add component (AddParameter): Name = "SizeZ_mm"; Value = "0.85mm"; VariantName = "[No Variations]"
Add component (AddParameter): Name = "Supplier 1"; Value = "Digikey"; VariantName = "[No Variations]"
Add component (AddParameter): Name = "Supplier 2"; Value = "Mouser"; VariantName = "[No Variations]"
Add component (AddParameter): Name = "Supplier Part Number 1"; Value = "XC1841CT-ND"; VariantName = "[No Variations]"
Add component (AddParameter): Name = "Supplier Part Number 2"; Value = "520-200-8-30B-CKM"; VariantName = "[No Variations]"
Add component (AddParameter): Name = "Tolerance_%"; Value = "10ppm"; VariantName = "[No Variations]"
Added Pin To Net: NetName=+3V3 Pin=C16-1
Added Pin To Net: NetName=+3V3 Pin=C18-1
Added Pin To Net: NetName=+3V3 Pin=L2-2
Added Pin To Net: NetName=+3V3 Pin=R10-2
Added Pin To Net: NetName=+3V3 Pin=R58-2
Added Pin To Net: NetName=+3V3 Pin=R59-2
Added Pin To Net: NetName=+3V3 Pin=R60-2
Added Pin To Net: NetName=+3V3 Pin=R61-2
Added Pin To Net: NetName=+3V3 Pin=R62-1
Added Net: Name=+3V3
Added Pin To Net: NetName=ADCINA4/C14 Pin=R16-2
Added Net: Name=ADCINA4/C14
Added Pin To Net: NetName=ADCINA5/C2 Pin=R17-2
Added Net: Name=ADCINA5/C2
Added Pin To Net: NetName=ADCINA6 Pin=R18-2
Added Net: Name=ADCINA6
Added Pin To Net: NetName=ADCINA7/C3 Pin=R19-2
Added Net: Name=ADCINA7/C3
Added Pin To Net: NetName=ADCINA8/C11 Pin=R20-2
Added Net: Name=ADCINA8/C11
Added Pin To Net: NetName=ADCINA9/C8 Pin=R21-2
Added Net: Name=ADCINA9/C8
Added Pin To Net: NetName=ADCINA10/C10 Pin=R22-2
Added Net: Name=ADCINA10/C10
Added Pin To Net: NetName=ADCINA11/C0 Pin=R23-2
Added Net: Name=ADCINA11/C0
Added Pin To Net: NetName=ADCINA12/C1 Pin=R24-2
Added Net: Name=ADCINA12/C1
Added Pin To Net: NetName=ADCINA14/C4 Pin=R25-2
Added Net: Name=ADCINA14/C4
Added Pin To Net: NetName=ADCINA15/C7 Pin=R26-2
Added Net: Name=ADCINA15/C7
Added Pin To Net: NetName=ADCINC6 Pin=R27-2
Added Net: Name=ADCINC6
Added Pin To Net: NetName=GND Pin=C9-1
Added Pin To Net: NetName=GND Pin=C10-1
Added Pin To Net: NetName=GND Pin=C11-1
Added Pin To Net: NetName=GND Pin=C12-1
Added Pin To Net: NetName=GND Pin=C13-1
Added Pin To Net: NetName=GND Pin=C14-2
Added Pin To Net: NetName=GND Pin=C16-2
Added Pin To Net: NetName=GND Pin=C17-2
Added Pin To Net: NetName=GND Pin=C18-2
Added Pin To Net: NetName=GND Pin=C19-2
Added Pin To Net: NetName=GND Pin=C20-2
Added Pin To Net: NetName=GND Pin=C21-2
Added Pin To Net: NetName=GND Pin=C22-2
Added Pin To Net: NetName=GND Pin=C23-2
Added Pin To Net: NetName=GND Pin=C24-2
Added Pin To Net: NetName=GND Pin=C25-2
Added Pin To Net: NetName=GND Pin=C26-2
Added Pin To Net: NetName=GND Pin=C27-2
Added Pin To Net: NetName=GND Pin=C28-2
Added Pin To Net: NetName=GND Pin=C29-2
Added Pin To Net: NetName=GND Pin=C30-2
Added Pin To Net: NetName=GND Pin=C31-2
Added Pin To Net: NetName=GND Pin=C32-2
Added Pin To Net: NetName=GND Pin=C33-2
Added Pin To Net: NetName=GND Pin=C34-2
Added Pin To Net: NetName=GND Pin=C35-2
Added Pin To Net: NetName=GND Pin=C36-2
Added Pin To Net: NetName=GND Pin=C37-2
Added Pin To Net: NetName=GND Pin=C38-2
Added Pin To Net: NetName=GND Pin=C39-2
Added Pin To Net: NetName=GND Pin=C40-2
Added Pin To Net: NetName=GND Pin=J102-4
Added Pin To Net: NetName=GND Pin=J102-8
Added Pin To Net: NetName=GND Pin=J102-10
Added Pin To Net: NetName=GND Pin=J102-12
Added Pin To Net: NetName=GND Pin=S1-1
Added Pin To Net: NetName=GND Pin=S1-2
Added Pin To Net: NetName=GND Pin=U1-9
Added Pin To Net: NetName=GND Pin=U1-21
Added Pin To Net: NetName=GND Pin=U1-25
Added Pin To Net: NetName=GND Pin=U1-30
Added Pin To Net: NetName=GND Pin=U1-55
Added Pin To Net: NetName=GND Pin=U1-70
Added Pin To Net: NetName=GND Pin=Y2-2
Added Pin To Net: NetName=GND Pin=Y2-4
Added Net: Name=GND
Added Pin To Net: NetName=GPIO0 Pin=U1-63
Added Net: Name=GPIO0
Added Pin To Net: NetName=GPIO1 Pin=U1-62
Added Net: Name=GPIO1
Added Pin To Net: NetName=GPIO2 Pin=U1-61
Added Net: Name=GPIO2
Added Pin To Net: NetName=GPIO3 Pin=U1-60
Added Net: Name=GPIO3
Added Pin To Net: NetName=GPIO4 Pin=U1-59
Added Net: Name=GPIO4
Added Pin To Net: NetName=GPIO5 Pin=U1-74
Added Net: Name=GPIO5
Added Pin To Net: NetName=GPIO6_FSITXD0 Pin=U1-80
Added Net: Name=GPIO6_FSITXD0
Added Pin To Net: NetName=GPIO7_FSITXCLK Pin=U1-68
Added Net: Name=GPIO7_FSITXCLK
Added Pin To Net: NetName=GPIO8 Pin=U1-58
Added Net: Name=GPIO8
Added Pin To Net: NetName=GPIO9 Pin=U1-75
Added Net: Name=GPIO9
Added Pin To Net: NetName=GPIO10 Pin=U1-76
Added Net: Name=GPIO10
Added Pin To Net: NetName=GPIO11 Pin=U1-37
Added Net: Name=GPIO11
Added Pin To Net: NetName=GPIO12_FSIRXD0 Pin=U1-36
Added Net: Name=GPIO12_FSIRXD0
Added Pin To Net: NetName=GPIO13_FSIRXCLK Pin=U1-35
Added Net: Name=GPIO13_FSIRXCLK
Added Pin To Net: NetName=GPIO14 Pin=U1-79
Added Net: Name=GPIO14
Added Pin To Net: NetName=GPIO15 Pin=U1-78
Added Net: Name=GPIO15
Added Pin To Net: NetName=GPIO16 Pin=U1-39
Added Net: Name=GPIO16
Added Pin To Net: NetName=GPIO17 Pin=U1-40
Added Net: Name=GPIO17
Added Net: Name=GPIO18_BP
Added Pin To Net: NetName=GPIO18_X2 Pin=U1-50
Added Pin To Net: NetName=GPIO18_X2 Pin=Y2-1
Added Net: Name=GPIO18_X2
Added Net: Name=GPIO19_BP
Added Pin To Net: NetName=GPIO19_X1 Pin=U1-51
Added Pin To Net: NetName=GPIO19_X1 Pin=Y2-3
Added Net: Name=GPIO19_X1
Added Pin To Net: NetName=GPIO22 Pin=U1-67
Added Net: Name=GPIO22
Added Pin To Net: NetName=GPIO23 Pin=U1-65
Added Net: Name=GPIO23
Added Pin To Net: NetName=GPIO24 Pin=U1-41
Added Net: Name=GPIO24
Added Pin To Net: NetName=GPIO25 Pin=U1-42
Added Net: Name=GPIO25
Added Pin To Net: NetName=GPIO26 Pin=U1-43
Added Net: Name=GPIO26
Added Pin To Net: NetName=GPIO27 Pin=U1-44
Added Net: Name=GPIO27
Added Pin To Net: NetName=GPIO28 Pin=U1-4
Added Net: Name=GPIO28
Added Pin To Net: NetName=GPIO29 Pin=U1-3
Added Net: Name=GPIO29
Added Pin To Net: NetName=GPIO30 Pin=U1-1
Added Net: Name=GPIO30
Added Pin To Net: NetName=GPIO31 Pin=U1-2
Added Net: Name=GPIO31
Added Pin To Net: NetName=GPIO32 Pin=U1-49
Added Net: Name=GPIO32
Added Pin To Net: NetName=GPIO33 Pin=U1-38
Added Net: Name=GPIO33
Added Pin To Net: NetName=GPIO34 Pin=U1-77
Added Net: Name=GPIO34
Added Pin To Net: NetName=GPIO35 Pin=J102-3
Added Pin To Net: NetName=GPIO35 Pin=R58-1
Added Pin To Net: NetName=GPIO35 Pin=U1-48
Added Net: Name=GPIO35
Added Pin To Net: NetName=GPIO37 Pin=J102-7
Added Pin To Net: NetName=GPIO37 Pin=R59-1
Added Pin To Net: NetName=GPIO37 Pin=U1-46
Added Net: Name=GPIO37
Added Pin To Net: NetName=GPIO39 Pin=U1-56
Added Net: Name=GPIO39
Added Pin To Net: NetName=GPIO40 Pin=U1-64
Added Net: Name=GPIO40
Added Pin To Net: NetName=GPIO41_FSIRXD1 Pin=U1-66
Added Net: Name=GPIO41_FSIRXD1
Added Pin To Net: NetName=GPIO42 Pin=U1-57
Added Net: Name=GPIO42
Added Pin To Net: NetName=GPIO43 Pin=U1-54
Added Net: Name=GPIO43
Added Pin To Net: NetName=GPIO44 Pin=U1-69
Added Net: Name=GPIO44
Added Pin To Net: NetName=GPIO45 Pin=U1-73
Added Net: Name=GPIO45
Added Pin To Net: NetName=GPIO46_FSITXD1 Pin=U1-6
Added Net: Name=GPIO46_FSITXD1
Added Pin To Net: NetName=Iin_FB Pin=R15-2
Added Net: Name=Iin_FB
Added Pin To Net: NetName=IL_FB Pin=R13-2
Added Net: Name=IL_FB
Added Pin To Net: NetName=MCU_TCK Pin=J102-9
Added Pin To Net: NetName=MCU_TCK Pin=J102-11
Added Pin To Net: NetName=MCU_TCK Pin=U1-45
Added Net: Name=MCU_TCK
Added Pin To Net: NetName=MCU_TMS Pin=J102-1
Added Pin To Net: NetName=MCU_TMS Pin=R10-1
Added Pin To Net: NetName=MCU_TMS Pin=U1-47
Added Net: Name=MCU_TMS
Added Pin To Net: NetName=NetC24_1 Pin=C24-1
Added Pin To Net: NetName=NetC24_1 Pin=U1-20
Added Net: Name=NetC24_1
Added Pin To Net: NetName=NetC25_1 Pin=C25-1
Added Pin To Net: NetName=NetC25_1 Pin=R12-1
Added Pin To Net: NetName=NetC25_1 Pin=U1-19
Added Net: Name=NetC25_1
Added Pin To Net: NetName=NetC26_1 Pin=C26-1
Added Pin To Net: NetName=NetC26_1 Pin=R14-1
Added Pin To Net: NetName=NetC26_1 Pin=U1-13
Added Net: Name=NetC26_1
Added Pin To Net: NetName=NetC27_1 Pin=C27-1
Added Pin To Net: NetName=NetC27_1 Pin=R16-1
Added Pin To Net: NetName=NetC27_1 Pin=U1-27
Added Net: Name=NetC27_1
Added Pin To Net: NetName=NetC28_1 Pin=C28-1
Added Pin To Net: NetName=NetC28_1 Pin=R18-1
Added Pin To Net: NetName=NetC28_1 Pin=U1-10
Added Net: Name=NetC28_1
Added Pin To Net: NetName=NetC29_1 Pin=C29-1
Added Pin To Net: NetName=NetC29_1 Pin=R20-1
Added Pin To Net: NetName=NetC29_1 Pin=U1-24
Added Net: Name=NetC29_1
Added Pin To Net: NetName=NetC30_1 Pin=C30-1
Added Pin To Net: NetName=NetC30_1 Pin=R22-1
Added Pin To Net: NetName=NetC30_1 Pin=U1-29
Added Net: Name=NetC30_1
Added Pin To Net: NetName=NetC31_1 Pin=C31-1
Added Pin To Net: NetName=NetC31_1 Pin=R24-1
Added Pin To Net: NetName=NetC31_1 Pin=U1-22
Added Net: Name=NetC31_1
Added Pin To Net: NetName=NetC32_1 Pin=C32-1
Added Pin To Net: NetName=NetC32_1 Pin=R26-1
Added Pin To Net: NetName=NetC32_1 Pin=U1-14
Added Net: Name=NetC32_1
Added Pin To Net: NetName=NetC33_1 Pin=C33-1
Added Pin To Net: NetName=NetC33_1 Pin=R13-1
Added Pin To Net: NetName=NetC33_1 Pin=U1-18
Added Net: Name=NetC33_1
Added Pin To Net: NetName=NetC34_1 Pin=C34-1
Added Pin To Net: NetName=NetC34_1 Pin=R15-1
Added Pin To Net: NetName=NetC34_1 Pin=U1-12
Added Net: Name=NetC34_1
Added Pin To Net: NetName=NetC35_1 Pin=C35-1
Added Pin To Net: NetName=NetC35_1 Pin=R17-1
Added Pin To Net: NetName=NetC35_1 Pin=U1-17
Added Net: Name=NetC35_1
Added Pin To Net: NetName=NetC36_1 Pin=C36-1
Added Pin To Net: NetName=NetC36_1 Pin=R19-1
Added Pin To Net: NetName=NetC36_1 Pin=U1-23
Added Net: Name=NetC36_1
Added Pin To Net: NetName=NetC37_1 Pin=C37-1
Added Pin To Net: NetName=NetC37_1 Pin=R21-1
Added Pin To Net: NetName=NetC37_1 Pin=U1-28
Added Net: Name=NetC37_1
Added Pin To Net: NetName=NetC38_1 Pin=C38-1
Added Pin To Net: NetName=NetC38_1 Pin=R23-1
Added Pin To Net: NetName=NetC38_1 Pin=U1-16
Added Net: Name=NetC38_1
Added Pin To Net: NetName=NetC39_1 Pin=C39-1
Added Pin To Net: NetName=NetC39_1 Pin=R25-1
Added Pin To Net: NetName=NetC39_1 Pin=U1-15
Added Net: Name=NetC39_1
Added Pin To Net: NetName=NetC40_1 Pin=C40-1
Added Pin To Net: NetName=NetC40_1 Pin=R27-1
Added Pin To Net: NetName=NetC40_1 Pin=U1-11
Added Net: Name=NetC40_1
Added Pin To Net: NetName=NetJ102_5 Pin=J102-5
Added Pin To Net: NetName=NetJ102_5 Pin=R60-1
Added Net: Name=NetJ102_5
Added Pin To Net: NetName=NetJ102_13 Pin=J102-13
Added Pin To Net: NetName=NetJ102_13 Pin=R61-1
Added Net: Name=NetJ102_13
Added Pin To Net: NetName=NetJ102_14 Pin=J102-14
Added Pin To Net: NetName=NetJ102_14 Pin=R62-2
Added Net: Name=NetJ102_14
Added Pin To Net: NetName=VDDA Pin=C14-1
Added Pin To Net: NetName=VDDA Pin=L2-1
Added Pin To Net: NetName=VDDA Pin=U1-26
Added Net: Name=VDDA
Added Pin To Net: NetName=VDDIO Pin=C19-1
Added Pin To Net: NetName=VDDIO Pin=C20-1
Added Pin To Net: NetName=VDDIO Pin=C21-1
Added Pin To Net: NetName=VDDIO Pin=C22-1
Added Pin To Net: NetName=VDDIO Pin=C23-1
Added Pin To Net: NetName=VDDIO Pin=U1-7
Added Pin To Net: NetName=VDDIO Pin=U1-32
Added Pin To Net: NetName=VDDIO Pin=U1-52
Added Pin To Net: NetName=VDDIO Pin=U1-72
Added Net: Name=VDDIO
Added Pin To Net: NetName=VDD Pin=C9-2
Added Pin To Net: NetName=VDD Pin=C10-2
Added Pin To Net: NetName=VDD Pin=C11-2
Added Pin To Net: NetName=VDD Pin=C12-2
Added Pin To Net: NetName=VDD Pin=C13-2
Added Pin To Net: NetName=VDD Pin=U1-8
Added Pin To Net: NetName=VDD Pin=U1-31
Added Pin To Net: NetName=VDD Pin=U1-53
Added Pin To Net: NetName=VDD Pin=U1-71
Added Net: Name=VDD
Added Pin To Net: NetName=Vin_FB Pin=R14-2
Added Net: Name=Vin_FB
Added Pin To Net: NetName=Vo_FB Pin=R12-2
Added Net: Name=Vo_FB
Added Pin To Net: NetName=XRSn Pin=C17-1
Added Pin To Net: NetName=XRSn Pin=R11-1
Added Pin To Net: NetName=XRSn Pin=S1-3
Added Pin To Net: NetName=XRSn Pin=S1-4
Added Pin To Net: NetName=XRSn Pin=U1-5
Added Net: Name=XRSn
Added Class: Name=F280025C_min_sys
Added Rule: Name=Schematic Supply Nets
Added Rule: Name=Schematic Supply Nets_1
Added Rule: Name=Schematic Supply Nets_2
Added Rule: Name=Schematic Supply Nets_3
Added Rule: Name=Schematic Supply Nets_4
